<?xml version="1.0" encoding="UTF-8"?>
<testsuite failures="0" errors="0" skipped="0" tests="6" time="0.659873" name="Positive scenarios for /users API">
<testcase classname="Positive scenarios for /users API" name="Create new user with valid student details" time="0.179352">
  <system-out>
    <![CDATA[]]>
  </system-out>
  <system-err>
    <![CDATA[]]>
  </system-err>
</testcase>
<testcase classname="Positive scenarios for /users API" name="Logout user" time="0.081799">
  <system-out>
    <![CDATA[]]>
  </system-out>
  <system-err>
    <![CDATA[]]>
  </system-err>
</testcase>
<testcase classname="Positive scenarios for /users API" name="Login with valid user details" time="0.153824">
  <system-out>
    <![CDATA[]]>
  </system-out>
  <system-err>
    <![CDATA[]]>
  </system-err>
</testcase>
<testcase classname="Positive scenarios for /users API" name="Get user details with valid user id" time="0.076435">
  <system-out>
    <![CDATA[]]>
  </system-out>
  <system-err>
    <![CDATA[]]>
  </system-err>
</testcase>
<testcase classname="Positive scenarios for /users API" name="Update user details with valid user id" time="0.086694">
  <system-out>
    <![CDATA[]]>
  </system-out>
  <system-err>
    <![CDATA[]]>
  </system-err>
</testcase>
<testcase classname="Positive scenarios for /users API" name="Delete user with valid user id" time="0.081769">
  <system-out>
    <![CDATA[]]>
  </system-out>
  <system-err>
    <![CDATA[]]>
  </system-err>
</testcase>
</testsuite>
