<?xml version="1.0" encoding="UTF-8"?>
<testsuite failures="1" errors="0" skipped="0" tests="1" time="0.064410" name="Positive scenarios for /posts API">
<testcase classname="Positive scenarios for /posts API" name="Test api" time="0.064410">
  <failure message="failed Test api" type="failed">
    <![CDATA[Scenario: Test api

Then the api call should succeed

Message:
]]>
    <![CDATA[757: unexpected token at '<!DOCTYPE HTML PUBLIC "-//W3C//DTD HTML 4.01 Transitional//EN" "http://www.w3.org/TR/html4/loose.dtd">
<HTML><HEAD><META HTTP-EQUIV="Content-Type" CONTENT="text/html; charset=iso-8859-1">
<TITLE>ERROR: The request could not be satisfied</TITLE>
</HEAD><BODY>
<H1>ERROR</H1>
<H2>The request could not be satisfied.</H2>
<HR noshade size="1px">
Bad request.
<BR clear="all">
<HR noshade size="1px">
<PRE>
Generated by cloudfront (CloudFront)
Request ID: gzprX71Y37Krn3snFvDGey4ONpJSfLQTnIsY8ENpVsukXDdBnxD0Vw==
</PRE>
<ADDRESS>
</ADDRESS>
</BODY></HTML>' (JSON::ParserError)
./features/step_definitions/common_steps.rb:72:in `/^the api call should (succeed|fail)$/'
./features/posts_positive.feature:8:in `Then the api call should succeed']]>
  </failure>
  <system-out>
    <![CDATA[]]>
  </system-out>
  <system-err>
    <![CDATA[]]>
  </system-err>
</testcase>
</testsuite>
